<?xml version="1.0" encoding="UTF-8"?>
<!-- Generated by org.testng.reporters.JUnitReportReporter -->
<testsuite hostname="Admin" failures="0" tests="1" name="automation.testsuite.Day17_WindowsPopUp" time="28.895" errors="0" timestamp="2024-12-08T21:36:36 ICT" skipped="0">
  <testcase classname="automation.testsuite.Day17_WindowsPopUp" name="handleWindows" time="28.895"/>
  <system-out/>
</testsuite> <!-- automation.testsuite.Day17_WindowsPopUp -->
