<?xml version="1.0" encoding="UTF-8"?>
<!-- Generated by org.testng.reporters.JUnitReportReporter -->
<testsuite hostname="Admin" failures="0" tests="1" name="automation.testsuite.LocatorPractice" time="6.266" errors="0" timestamp="2024-11-01T17:35:34 ICT" skipped="0">
  <testcase classname="automation.testsuite.LocatorPractice" name="getLocator" time="6.266"/>
  <system-out/>
</testsuite> <!-- automation.testsuite.LocatorPractice -->
