<?xml version="1.0" encoding="UTF-8"?>
<!-- Generated by org.testng.reporters.JUnitReportReporter -->
<testsuite hostname="Admin" failures="0" tests="1" name="automation.testsuite.Day17_Windows" time="7.514" errors="0" timestamp="2024-12-08T20:09:08 ICT" skipped="0">
  <testcase classname="automation.testsuite.Day17_Windows" name="handleWindows" time="7.514"/>
  <system-out/>
</testsuite> <!-- automation.testsuite.Day17_Windows -->
