<?xml version="1.0" encoding="UTF-8"?>
<!-- Generated by org.testng.reporters.JUnitReportReporter -->
<testsuite hostname="Admin" failures="0" tests="1" name="automation.testsuite.QuanLyNguoiDungTest" time="8.626" errors="0" timestamp="2024-12-03T22:57:25 ICT" skipped="0">
  <testcase classname="automation.testsuite.QuanLyNguoiDungTest" name="ThemNguoiDung" time="8.626"/>
  <system-out/>
</testsuite> <!-- automation.testsuite.QuanLyNguoiDungTest -->
