<?xml version="1.0" encoding="UTF-8"?>
<!-- Generated by org.testng.reporters.JUnitReportReporter -->
<testsuite hostname="Admin" failures="0" tests="1" name="automation.testsuite.Day17_iFrame" time="10.637" errors="0" timestamp="2024-12-08T20:57:39 ICT" skipped="0">
  <testcase classname="automation.testsuite.Day17_iFrame" name="dangkyNhanTuVanLoTrinh_ThatBai_ThieuEmail" time="10.637"/>
  <system-out/>
</testsuite> <!-- automation.testsuite.Day17_iFrame -->
