<?xml version="1.0" encoding="UTF-8"?>
<!-- Generated by org.testng.reporters.JUnitReportReporter -->
<testsuite hostname="Admin" failures="0" tests="2" name="automation.testsuite.DienMayNhapKhau" time="21.018" errors="0" timestamp="2024-12-15T18:00:44 ICT" skipped="0">
  <testcase classname="automation.testsuite.DienMayNhapKhau" name="zaloChat" time="11.745"/>
  <system-out/>
  <testcase classname="automation.testsuite.DienMayNhapKhau" name="zaloChat" time="9.273"/>
  <system-out/>
</testsuite> <!-- automation.testsuite.DienMayNhapKhau -->
