<?xml version="1.0" encoding="UTF-8"?>
<!-- Generated by org.testng.reporters.JUnitReportReporter -->
<testsuite hostname="Admin" failures="0" tests="2" name="automation.testsuite.Day17_WindowsPopUp" time="32.061" errors="0" timestamp="2024-12-15T17:58:00 ICT" skipped="0">
  <testcase classname="automation.testsuite.Day17_WindowsPopUp" name="handleWindows" time="14.368"/>
  <system-out/>
  <testcase classname="automation.testsuite.Day17_WindowsPopUp" name="handleWindows" time="17.693"/>
  <system-out/>
</testsuite> <!-- automation.testsuite.Day17_WindowsPopUp -->
