<?xml version="1.0" encoding="UTF-8"?>
<!-- Generated by org.testng.reporters.JUnitReportReporter -->
<testsuite hostname="Admin" failures="0" tests="1" name="automation.testsuite.Mediamart_Day17" time="18.595" errors="0" timestamp="2024-12-10T22:01:38 ICT" skipped="0">
  <testcase classname="automation.testsuite.Mediamart_Day17" name="messenger" time="18.595"/>
  <system-out/>
</testsuite> <!-- automation.testsuite.Mediamart_Day17 -->
