<?xml version="1.0" encoding="UTF-8"?>
<!-- Generated by org.testng.reporters.JUnitReportReporter -->
<testsuite hostname="Admin" failures="0" tests="1" name="automation.testsuite.Day12_Dropdownlist" time="12.495" errors="0" timestamp="2024-11-23T13:51:40 ICT" skipped="0">
  <testcase classname="automation.testsuite.Day12_Dropdownlist" name="chooseCountryOption" time="12.495"/>
  <system-out/>
</testsuite> <!-- automation.testsuite.Day12_Dropdownlist -->
