<?xml version="1.0" encoding="UTF-8"?>
<!-- Generated by org.testng.reporters.JUnitReportReporter -->
<testsuite hostname="Admin" failures="0" tests="2" name="automation.testsuite.DienMayNhapKhau" time="22.868" errors="0" timestamp="2024-12-15T17:58:00 ICT" skipped="0">
  <testcase classname="automation.testsuite.DienMayNhapKhau" name="zaloChat" time="12.293"/>
  <system-out/>
  <testcase classname="automation.testsuite.DienMayNhapKhau" name="zaloChat" time="10.575"/>
  <system-out/>
</testsuite> <!-- automation.testsuite.DienMayNhapKhau -->
