<?xml version="1.0" encoding="UTF-8"?>
<!-- Generated by org.testng.reporters.JUnitReportReporter -->
<testsuite hostname="Admin" failures="0" tests="2" name="automation.testsuite.Day12_CheckBox" time="70.522" errors="0" timestamp="2024-11-23T11:53:05 ICT" skipped="0">
  <testcase classname="automation.testsuite.Day12_CheckBox" name="clickOneRadioBox" time="16.448"/>
  <system-out/>
  <testcase classname="automation.testsuite.Day12_CheckBox" name="clickDefaultRadioBox" time="54.074"/>
  <system-out/>
</testsuite> <!-- automation.testsuite.Day12_CheckBox -->
