<?xml version="1.0" encoding="UTF-8"?>
<!-- Generated by org.testng.reporters.JUnitReportReporter -->
<testsuite hostname="Admin" failures="0" tests="1" name="HomeWork_Day13.HomeWork_13" time="25.194" errors="0" timestamp="2024-11-26T23:03:23 ICT" skipped="0">
  <testcase classname="HomeWork_Day13.HomeWork_13" name="Logout" time="25.194"/>
  <system-out/>
</testsuite> <!-- HomeWork_Day13.HomeWork_13 -->
