<?xml version="1.0" encoding="UTF-8"?>
<!-- Generated by org.testng.reporters.JUnitReportReporter -->
<testsuite hostname="Admin" failures="0" tests="2" name="automation.testsuite.LoginAladaTest_HomeWorkDay14" time="207.422" errors="0" timestamp="2024-12-07T23:17:01 ICT" skipped="0">
  <testcase classname="automation.testsuite.LoginAladaTest_HomeWorkDay14" name="updateProfile" time="95.955"/>
  <system-out/>
  <testcase classname="automation.testsuite.LoginAladaTest_HomeWorkDay14" name="Login" time="111.467"/>
  <system-out/>
</testsuite> <!-- automation.testsuite.LoginAladaTest_HomeWorkDay14 -->
