<?xml version="1.0" encoding="UTF-8"?>
<!-- Generated by org.testng.reporters.JUnitReportReporter -->
<testsuite hostname="Admin" failures="0" tests="2" name="automation.testsuite.Tedu_CapNhatyMatKhauTest" time="20.258" errors="0" timestamp="2024-12-08T17:24:21 ICT" skipped="0">
  <testcase classname="automation.testsuite.Tedu_CapNhatyMatKhauTest" name="DangNhapThanhCong" time="9.112"/>
  <system-out/>
  <testcase classname="automation.testsuite.Tedu_CapNhatyMatKhauTest" name="Search" time="11.146"/>
  <system-out/>
</testsuite> <!-- automation.testsuite.Tedu_CapNhatyMatKhauTest -->
