<?xml version="1.0" encoding="UTF-8"?>
<!-- Generated by org.testng.reporters.JUnitReportReporter -->
<testsuite hostname="Admin" failures="0" tests="1" name="HomeWork.TestEmployee" time="0.004" errors="0" timestamp="2024-10-30T10:14:18 ICT" skipped="0">
  <testcase classname="HomeWork.TestEmployee" name="testPrintEmployeeNames" time="0.004"/>
  <system-out/>
</testsuite> <!-- HomeWork.TestEmployee -->
