<?xml version="1.0" encoding="UTF-8"?>
<!-- Generated by org.testng.reporters.JUnitReportReporter -->
<testsuite hostname="Admin" failures="0" tests="1" name="automation.testsuite.LoginTest_Day14" time="8.364" errors="0" timestamp="2024-11-27T20:54:44 ICT" skipped="0">
  <testcase classname="automation.testsuite.LoginTest_Day14" name="Login" time="8.364"/>
  <system-out/>
</testsuite> <!-- automation.testsuite.LoginTest_Day14 -->
