<?xml version="1.0" encoding="UTF-8"?>
<!-- Generated by org.testng.reporters.JUnitReportReporter -->
<testsuite hostname="Admin" failures="0" tests="2" name="automation.testsuite.Day17_Windows" time="20.332" errors="0" timestamp="2024-12-11T21:06:50 ICT" skipped="0">
  <testcase classname="automation.testsuite.Day17_Windows" name="handleWindows" time="12.141"/>
  <system-out/>
  <testcase classname="automation.testsuite.Day17_Windows" name="handleWindows" time="8.191"/>
  <system-out/>
</testsuite> <!-- automation.testsuite.Day17_Windows -->
