<?xml version="1.0" encoding="UTF-8"?>
<!-- Generated by org.testng.reporters.JUnitReportReporter -->
<testsuite hostname="Admin" failures="0" tests="1" name="HomeWork_Day7.TestEmployee" time="0.005" errors="0" timestamp="2024-10-30T14:03:14 ICT" skipped="0">
  <testcase classname="HomeWork_Day7.TestEmployee" name="testPrintEmployeeNames" time="0.005"/>
  <system-out/>
</testsuite> <!-- HomeWork_Day7.TestEmployee -->
