<?xml version="1.0" encoding="UTF-8"?>
<!-- Generated by org.testng.reporters.JUnitReportReporter -->
<testsuite hostname="Admin" failures="0" tests="1" name="HomeWork_Day7.HomeWork_Day8" time="9.957" errors="0" timestamp="2024-11-03T14:51:20 ICT" skipped="0">
  <testcase classname="HomeWork_Day7.HomeWork_Day8" name="getLocatorSubmitAndReset" time="9.957"/>
  <system-out/>
</testsuite> <!-- HomeWork_Day7.HomeWork_Day8 -->
